
=== Sat Jan  4 11:44:03 2025

Packages were changed.
Update Mode: mergeDefaultDependencies

The following packages were added:
  com.unity.ide.rider@3.0.31
  com.unity.ide.visualstudio@2.0.22
  com.unity.ide.vscode@1.2.5
  com.unity.modules.ai@1.0.0
  com.unity.modules.androidjni@1.0.0
  com.unity.modules.animation@1.0.0
  com.unity.modules.assetbundle@1.0.0
  com.unity.modules.audio@1.0.0
  com.unity.modules.cloth@1.0.0
  com.unity.modules.director@1.0.0
  com.unity.modules.imageconversion@1.0.0
  com.unity.modules.imgui@1.0.0
  com.unity.modules.jsonserialize@1.0.0
  com.unity.modules.particlesystem@1.0.0
  com.unity.modules.physics@1.0.0
  com.unity.modules.physics2d@1.0.0
  com.unity.modules.screencapture@1.0.0
  com.unity.modules.terrain@1.0.0
  com.unity.modules.terrainphysics@1.0.0
  com.unity.modules.tilemap@1.0.0
  com.unity.modules.ui@1.0.0
  com.unity.modules.uielements@1.0.0
  com.unity.modules.umbra@1.0.0
  com.unity.modules.unityanalytics@1.0.0
  com.unity.modules.unitywebrequest@1.0.0
  com.unity.modules.unitywebrequestassetbundle@1.0.0
  com.unity.modules.unitywebrequestaudio@1.0.0
  com.unity.modules.unitywebrequesttexture@1.0.0
  com.unity.modules.unitywebrequestwww@1.0.0
  com.unity.modules.vehicles@1.0.0
  com.unity.modules.video@1.0.0
  com.unity.modules.vr@1.0.0
  com.unity.modules.wind@1.0.0
  com.unity.modules.xr@1.0.0
  com.unity.test-framework@1.1.33
The following packages were updated:
  com.unity.collab-proxy from version 1.13.5 to 2.5.1
  com.unity.timeline from version 1.6.2 to 1.6.5
  com.unity.visualscripting from version 1.7.6 to 1.9.4

=== Sat Jan  4 11:48:05 2025

Packages were changed.
Update Mode: updateDependencies

The following packages were updated:
  com.unity.ads from version 2.3.1 to 4.4.2
  com.unity.analytics from version 3.2.2 to 3.6.12
  com.unity.collab-proxy from version 1.2.15 to 2.5.1
  com.unity.purchasing from version 2.0.3 to 4.9.3
  com.unity.textmeshpro from version 1.3.0 to 3.0.6
The following packages were removed:
  com.unity.package-manager-ui@2.0.3

=== Sat Jan  4 11:48:05 2025

Packages were changed.
Update Mode: mergeDefaultDependencies

The following packages were added:
  com.unity.ads@4.4.2
  com.unity.analytics@3.6.12
  com.unity.purchasing@4.9.3

=== Sat Jan  4 12:51:46 2025

Packages were changed.
Update Mode: updateDependencies

The following packages were updated:
  com.unity.collab-proxy from version 1.3.9 to 2.5.1
  com.unity.ide.rider from version 2.0.7 to 3.0.31
  com.unity.ide.visualstudio from version 2.0.7 to 2.0.22
  com.unity.ide.vscode from version 1.2.3 to 1.2.5
  com.unity.render-pipelines.universal from version 10.3.2 to 12.1.15
  com.unity.test-framework from version 1.1.22 to 1.1.33
  com.unity.textmeshpro from version 3.0.1 to 3.0.6
  com.unity.timeline from version 1.4.6 to 1.6.5

=== Sat Jan  4 12:51:47 2025

Packages were changed.
Update Mode: mergeDefaultDependencies

The following packages were added:
  com.unity.2d.sprite@1.0.0
  com.unity.render-pipelines.universal@12.1.15
